<?xml version="1.0" encoding="UTF-8"?>
<testsuite name="com.zd.AppTest" time="0" tests="2" errors="0" skipped="0" failures="0">
  <properties>
    <property name="idea.version" value="2017.1.2"/>
    <property name="java.runtime.name" value="Java(TM) SE Runtime Environment"/>
    <property name="sun.boot.library.path" value="C:\Program Files (x86)\Java\jdk1.8.0_181\jre\bin"/>
    <property name="java.vm.version" value="25.181-b13"/>
    <property name="java.vm.vendor" value="Oracle Corporation"/>
    <property name="maven.multiModuleProjectDirectory" value="F:\test\ZhDe"/>
    <property name="java.vendor.url" value="http://java.oracle.com/"/>
    <property name="path.separator" value=";"/>
    <property name="guice.disable.misplaced.annotation.check" value="true"/>
    <property name="java.vm.name" value="Java HotSpot(TM) Client VM"/>
    <property name="file.encoding.pkg" value="sun.io"/>
    <property name="user.script" value=""/>
    <property name="user.country" value="CN"/>
    <property name="sun.java.launcher" value="SUN_STANDARD"/>
    <property name="sun.os.patch.level" value=""/>
    <property name="java.vm.specification.name" value="Java Virtual Machine Specification"/>
    <property name="user.dir" value="F:\test\ZhDe"/>
    <property name="java.runtime.version" value="1.8.0_181-b13"/>
    <property name="java.awt.graphicsenv" value="sun.awt.Win32GraphicsEnvironment"/>
    <property name="java.endorsed.dirs" value="C:\Program Files (x86)\Java\jdk1.8.0_181\jre\lib\endorsed"/>
    <property name="os.arch" value="x86"/>
    <property name="java.io.tmpdir" value="C:\Users\Rockly\AppData\Local\Temp\"/>
    <property name="line.separator" value="&#10;"/>
    <property name="java.vm.specification.vendor" value="Oracle Corporation"/>
    <property name="user.variant" value=""/>
    <property name="os.name" value="Windows 10"/>
    <property name="archetypeCatalog" value="internal"/>
    <property name="classworlds.conf" value="E:\Download\apache-maven-3.6.1-bin\apache-maven-3.6.1\bin\m2.conf"/>
    <property name="sun.jnu.encoding" value="GBK"/>
    <property name="java.library.path" value="C:\Program Files (x86)\Java\jdk1.8.0_181\bin;C:\WINDOWS\Sun\Java\bin;C:\WINDOWS\system32;C:\WINDOWS;D:\Program Files (x86)\NetSarang\Xftp 6\;D:\Program Files (x86)\NetSarang\Xshell 6\;C:\Program Files (x86)\Common Files\Oracle\Java\javapath;C:\Program Files (x86)\Intel\Intel(R) Management Engine Components\iCLS\;C:\Program Files\Intel\Intel(R) Management Engine Components\iCLS\;C:\Windows\system32;C:\Windows;C:\Windows\System32\Wbem;C:\Windows\System32\WindowsPowerShell\v1.0\;C:\Program Files (x86)\NVIDIA Corporation\PhysX\Common;C:\Program Files (x86)\Intel\Intel(R) Management Engine Components\DAL;C:\Program Files\Intel\Intel(R) Management Engine Components\DAL;C:\Program Files (x86)\Intel\Intel(R) Management Engine Components\IPT;C:\Program Files\Intel\Intel(R) Management Engine Components\IPT;C:\Program Files\Intel\WiFi\bin\;C:\Program Files\Common Files\Intel\WirelessCommon\;C:\Program Files (x86)\Java\jdk1.8.0_181\bin;D:\Program Files\Nox\bin;C:\WINDOWS\system32;C:\WINDOWS;C:\WINDOWS\System32\Wbem;C:\WINDOWS\System32\WindowsPowerShell\v1.0\;C:\WINDOWS\System32\OpenSSH\;E:\Download\apache-tomcat-9.0.12-windows-x64\apache-tomcat-9.0.12\bin;C:\Program Files\MySQL\MySQL Server 5.5\bin;D:\Program Files\Git\cmd;D:\GitStack\python;D:\GitStack\python\Scripts;D:\GitStack\php;D:\GitStack\git\cmd;D:\GitStack\git\bin;C:\Program Files\nodejs\;C:\Program Files (x86)\Yarn\bin\;E:\Download\apache-maven-3.6.1-bin\apache-maven-3.6.1\bin;E:\MinGW\bin;C:\Users\Rockly\AppData\Local\Microsoft\WindowsApps;D:\Users\Rockly\AppData\Local\Programs\Microsoft VS Code\bin;C:\Users\Rockly\AppData\Roaming\npm;C:\Users\Rockly\AppData\Local\Yarn\bin;."/>
    <property name="maven.conf" value="E:\Download\apache-maven-3.6.1-bin\apache-maven-3.6.1/conf"/>
    <property name="java.specification.name" value="Java Platform API Specification"/>
    <property name="java.class.version" value="52.0"/>
    <property name="sun.management.compiler" value="HotSpot Client Compiler"/>
    <property name="os.version" value="10.0"/>
    <property name="user.home" value="C:\Users\Rockly"/>
    <property name="user.timezone" value="Asia/Shanghai"/>
    <property name="java.awt.printerjob" value="sun.awt.windows.WPrinterJob"/>
    <property name="java.specification.version" value="1.8"/>
    <property name="file.encoding" value="UTF-8"/>
    <property name="user.name" value="Rockly"/>
    <property name="java.class.path" value="E:\Download\apache-maven-3.6.1-bin\apache-maven-3.6.1\boot\plexus-classworlds-2.6.0.jar;D:\Program Files\JetBrains\IntelliJ IDEA 2017.1.2\lib\idea_rt.jar"/>
    <property name="java.vm.specification.version" value="1.8"/>
    <property name="sun.arch.data.model" value="32"/>
    <property name="java.home" value="C:\Program Files (x86)\Java\jdk1.8.0_181\jre"/>
    <property name="sun.java.command" value="org.codehaus.classworlds.Launcher -Didea.version=2017.1.2 -s E:\Download\apache-maven-3.6.1-bin\apache-maven-3.6.1\conf\settings.xml install"/>
    <property name="java.specification.vendor" value="Oracle Corporation"/>
    <property name="user.language" value="zh"/>
    <property name="awt.toolkit" value="sun.awt.windows.WToolkit"/>
    <property name="java.vm.info" value="mixed mode, sharing"/>
    <property name="java.version" value="1.8.0_181"/>
    <property name="java.ext.dirs" value="C:\Program Files (x86)\Java\jdk1.8.0_181\jre\lib\ext;C:\WINDOWS\Sun\Java\lib\ext"/>
    <property name="sun.boot.class.path" value="C:\Program Files (x86)\Java\jdk1.8.0_181\jre\lib\resources.jar;C:\Program Files (x86)\Java\jdk1.8.0_181\jre\lib\rt.jar;C:\Program Files (x86)\Java\jdk1.8.0_181\jre\lib\sunrsasign.jar;C:\Program Files (x86)\Java\jdk1.8.0_181\jre\lib\jsse.jar;C:\Program Files (x86)\Java\jdk1.8.0_181\jre\lib\jce.jar;C:\Program Files (x86)\Java\jdk1.8.0_181\jre\lib\charsets.jar;C:\Program Files (x86)\Java\jdk1.8.0_181\jre\lib\jfr.jar;C:\Program Files (x86)\Java\jdk1.8.0_181\jre\classes"/>
    <property name="java.vendor" value="Oracle Corporation"/>
    <property name="maven.home" value="E:\Download\apache-maven-3.6.1-bin\apache-maven-3.6.1"/>
    <property name="file.separator" value="\"/>
    <property name="java.vendor.url.bug" value="http://bugreport.sun.com/bugreport/"/>
    <property name="sun.cpu.endian" value="little"/>
    <property name="sun.io.unicode.encoding" value="UnicodeLittle"/>
    <property name="sun.desktop" value="windows"/>
    <property name="sun.cpu.isalist" value="pentium_pro+mmx pentium_pro pentium+mmx pentium i486 i386 i86"/>
  </properties>
  <testcase name="shouldAnswerWithTrue" classname="com.zd.AppTest" time="0"/>
  <testcase name="qMax" classname="com.zd.AppTest" time="0"/>
</testsuite>